{"D:\\Мои Документы\\DevEducation\\Homework2\\Collections\\Alist\\AList.js": {"path":"D:\\Мои Документы\\DevEducation\\Homework2\\Collections\\Alist\\AList.js","statementMap":{"0":{"start":{"line":1,"column":12},"end":{"line":1,"column":30}},"1":{"start":{"line":3,"column":12},"end":{"line":33,"column":1}},"2":{"start":{"line":4,"column":4},"end":{"line":4,"column":31}},"3":{"start":{"line":5,"column":4},"end":{"line":5,"column":18}},"4":{"start":{"line":6,"column":4},"end":{"line":6,"column":20}},"5":{"start":{"line":7,"column":4},"end":{"line":7,"column":31}},"6":{"start":{"line":8,"column":4},"end":{"line":19,"column":9}},"7":{"start":{"line":9,"column":8},"end":{"line":18,"column":9}},"8":{"start":{"line":10,"column":12},"end":{"line":10,"column":52}},"9":{"start":{"line":11,"column":15},"end":{"line":18,"column":9}},"10":{"start":{"line":12,"column":12},"end":{"line":12,"column":44}},"11":{"start":{"line":13,"column":15},"end":{"line":18,"column":9}},"12":{"start":{"line":14,"column":12},"end":{"line":14,"column":45}},"13":{"start":{"line":15,"column":12},"end":{"line":15,"column":33}},"14":{"start":{"line":17,"column":12},"end":{"line":17,"column":49}},"15":{"start":{"line":21,"column":4},"end":{"line":27,"column":6}},"16":{"start":{"line":22,"column":23},"end":{"line":22,"column":89}},"17":{"start":{"line":23,"column":8},"end":{"line":25,"column":9}},"18":{"start":{"line":23,"column":21},"end":{"line":23,"column":22}},"19":{"start":{"line":24,"column":12},"end":{"line":24,"column":40}},"20":{"start":{"line":26,"column":8},"end":{"line":26,"column":30}},"21":{"start":{"line":29,"column":4},"end":{"line":32,"column":6}},"22":{"start":{"line":30,"column":8},"end":{"line":30,"column":42}},"23":{"start":{"line":31,"column":8},"end":{"line":31,"column":20}},"24":{"start":{"line":35,"column":0},"end":{"line":35,"column":49}},"25":{"start":{"line":36,"column":0},"end":{"line":36,"column":36}},"26":{"start":{"line":38,"column":0},"end":{"line":40,"column":2}},"27":{"start":{"line":39,"column":4},"end":{"line":39,"column":21}},"28":{"start":{"line":41,"column":0},"end":{"line":53,"column":2}},"29":{"start":{"line":42,"column":4},"end":{"line":52,"column":5}},"30":{"start":{"line":43,"column":8},"end":{"line":43,"column":30}},"31":{"start":{"line":44,"column":8},"end":{"line":44,"column":29}},"32":{"start":{"line":46,"column":8},"end":{"line":51,"column":9}},"33":{"start":{"line":47,"column":12},"end":{"line":47,"column":26}},"34":{"start":{"line":48,"column":12},"end":{"line":48,"column":28}},"35":{"start":{"line":50,"column":12},"end":{"line":50,"column":33}},"36":{"start":{"line":54,"column":0},"end":{"line":64,"column":2}},"37":{"start":{"line":55,"column":4},"end":{"line":57,"column":5}},"38":{"start":{"line":56,"column":8},"end":{"line":56,"column":45}},"39":{"start":{"line":58,"column":4},"end":{"line":63,"column":5}},"40":{"start":{"line":59,"column":8},"end":{"line":59,"column":34}},"41":{"start":{"line":60,"column":8},"end":{"line":60,"column":20}},"42":{"start":{"line":62,"column":8},"end":{"line":62,"column":34}},"43":{"start":{"line":65,"column":0},"end":{"line":74,"column":1}},"44":{"start":{"line":66,"column":4},"end":{"line":72,"column":32}},"45":{"start":{"line":67,"column":8},"end":{"line":71,"column":45}},"46":{"start":{"line":68,"column":12},"end":{"line":70,"column":64}},"47":{"start":{"line":69,"column":16},"end":{"line":69,"column":40}},"48":{"start":{"line":70,"column":18},"end":{"line":70,"column":64}},"49":{"start":{"line":71,"column":14},"end":{"line":71,"column":45}},"50":{"start":{"line":72,"column":10},"end":{"line":72,"column":32}},"51":{"start":{"line":75,"column":0},"end":{"line":86,"column":1}},"52":{"start":{"line":76,"column":4},"end":{"line":85,"column":32}},"53":{"start":{"line":77,"column":8},"end":{"line":84,"column":9}},"54":{"start":{"line":77,"column":20},"end":{"line":77,"column":21}},"55":{"start":{"line":78,"column":12},"end":{"line":83,"column":53}},"56":{"start":{"line":79,"column":16},"end":{"line":79,"column":27}},"57":{"start":{"line":80,"column":35},"end":{"line":80,"column":48}},"58":{"start":{"line":81,"column":16},"end":{"line":81,"column":41}},"59":{"start":{"line":82,"column":16},"end":{"line":82,"column":35}},"60":{"start":{"line":83,"column":18},"end":{"line":83,"column":53}},"61":{"start":{"line":85,"column":10},"end":{"line":85,"column":32}},"62":{"start":{"line":87,"column":0},"end":{"line":97,"column":1}},"63":{"start":{"line":88,"column":14},"end":{"line":88,"column":16}},"64":{"start":{"line":89,"column":4},"end":{"line":95,"column":5}},"65":{"start":{"line":89,"column":16},"end":{"line":89,"column":17}},"66":{"start":{"line":90,"column":8},"end":{"line":94,"column":9}},"67":{"start":{"line":91,"column":11},"end":{"line":91,"column":19}},"68":{"start":{"line":93,"column":12},"end":{"line":93,"column":35}},"69":{"start":{"line":96,"column":4},"end":{"line":96,"column":14}},"70":{"start":{"line":98,"column":0},"end":{"line":105,"column":1}},"71":{"start":{"line":99,"column":14},"end":{"line":99,"column":28}},"72":{"start":{"line":100,"column":14},"end":{"line":100,"column":16}},"73":{"start":{"line":101,"column":4},"end":{"line":103,"column":5}},"74":{"start":{"line":101,"column":16},"end":{"line":101,"column":17}},"75":{"start":{"line":102,"column":8},"end":{"line":102,"column":21}},"76":{"start":{"line":104,"column":4},"end":{"line":104,"column":14}},"77":{"start":{"line":106,"column":0},"end":{"line":109,"column":1}},"78":{"start":{"line":107,"column":4},"end":{"line":107,"column":50}},"79":{"start":{"line":108,"column":4},"end":{"line":108,"column":17}},"80":{"start":{"line":110,"column":0},"end":{"line":120,"column":1}},"81":{"start":{"line":111,"column":4},"end":{"line":118,"column":28}},"82":{"start":{"line":112,"column":8},"end":{"line":116,"column":5}},"83":{"start":{"line":112,"column":20},"end":{"line":112,"column":21}},"84":{"start":{"line":113,"column":8},"end":{"line":115,"column":9}},"85":{"start":{"line":114,"column":12},"end":{"line":114,"column":23}},"86":{"start":{"line":117,"column":4},"end":{"line":117,"column":16}},"87":{"start":{"line":118,"column":6},"end":{"line":118,"column":28}},"88":{"start":{"line":121,"column":0},"end":{"line":129,"column":1}},"89":{"start":{"line":122,"column":25},"end":{"line":122,"column":38}},"90":{"start":{"line":123,"column":8},"end":{"line":127,"column":9}},"91":{"start":{"line":123,"column":20},"end":{"line":123,"column":21}},"92":{"start":{"line":124,"column":12},"end":{"line":126,"column":13}},"93":{"start":{"line":125,"column":16},"end":{"line":125,"column":42}},"94":{"start":{"line":128,"column":8},"end":{"line":128,"column":25}},"95":{"start":{"line":130,"column":0},"end":{"line":138,"column":1}},"96":{"start":{"line":131,"column":21},"end":{"line":131,"column":34}},"97":{"start":{"line":132,"column":8},"end":{"line":136,"column":9}},"98":{"start":{"line":132,"column":20},"end":{"line":132,"column":21}},"99":{"start":{"line":133,"column":12},"end":{"line":135,"column":13}},"100":{"start":{"line":134,"column":16},"end":{"line":134,"column":42}},"101":{"start":{"line":137,"column":8},"end":{"line":137,"column":25}},"102":{"start":{"line":139,"column":0},"end":{"line":148,"column":1}},"103":{"start":{"line":140,"column":28},"end":{"line":140,"column":29}},"104":{"start":{"line":141,"column":4},"end":{"line":146,"column":5}},"105":{"start":{"line":141,"column":16},"end":{"line":141,"column":17}},"106":{"start":{"line":142,"column":8},"end":{"line":145,"column":9}},"107":{"start":{"line":144,"column":12},"end":{"line":144,"column":33}},"108":{"start":{"line":147,"column":4},"end":{"line":147,"column":28}},"109":{"start":{"line":149,"column":0},"end":{"line":157,"column":1}},"110":{"start":{"line":150,"column":28},"end":{"line":150,"column":29}},"111":{"start":{"line":151,"column":4},"end":{"line":155,"column":5}},"112":{"start":{"line":151,"column":16},"end":{"line":151,"column":17}},"113":{"start":{"line":152,"column":8},"end":{"line":154,"column":9}},"114":{"start":{"line":153,"column":12},"end":{"line":153,"column":33}},"115":{"start":{"line":156,"column":4},"end":{"line":156,"column":28}},"116":{"start":{"line":158,"column":0},"end":{"line":164,"column":1}},"117":{"start":{"line":159,"column":24},"end":{"line":159,"column":26}},"118":{"start":{"line":160,"column":4},"end":{"line":162,"column":5}},"119":{"start":{"line":160,"column":17},"end":{"line":160,"column":18}},"120":{"start":{"line":161,"column":8},"end":{"line":161,"column":64}},"121":{"start":{"line":163,"column":4},"end":{"line":163,"column":30}},"122":{"start":{"line":165,"column":0},"end":{"line":194,"column":1}},"123":{"start":{"line":166,"column":13},"end":{"line":166,"column":27}},"124":{"start":{"line":167,"column":4},"end":{"line":193,"column":5}},"125":{"start":{"line":168,"column":24},"end":{"line":168,"column":26}},"126":{"start":{"line":169,"column":11},"end":{"line":169,"column":25}},"127":{"start":{"line":171,"column":1},"end":{"line":179,"column":2}},"128":{"start":{"line":171,"column":14},"end":{"line":171,"column":15}},"129":{"start":{"line":172,"column":2},"end":{"line":178,"column":3}},"130":{"start":{"line":173,"column":2},"end":{"line":173,"column":40}},"131":{"start":{"line":177,"column":3},"end":{"line":177,"column":41}},"132":{"start":{"line":180,"column":4},"end":{"line":180,"column":26}},"133":{"start":{"line":182,"column":23},"end":{"line":182,"column":49}},"134":{"start":{"line":183,"column":18},"end":{"line":183,"column":31}},"135":{"start":{"line":184,"column":24},"end":{"line":184,"column":45}},"136":{"start":{"line":185,"column":8},"end":{"line":187,"column":9}},"137":{"start":{"line":185,"column":20},"end":{"line":185,"column":21}},"138":{"start":{"line":186,"column":16},"end":{"line":186,"column":52}},"139":{"start":{"line":188,"column":8},"end":{"line":190,"column":9}},"140":{"start":{"line":188,"column":20},"end":{"line":188,"column":30}},"141":{"start":{"line":189,"column":12},"end":{"line":189,"column":48}},"142":{"start":{"line":191,"column":8},"end":{"line":191,"column":33}},"143":{"start":{"line":192,"column":8},"end":{"line":192,"column":30}},"144":{"start":{"line":195,"column":0},"end":{"line":213,"column":1}},"145":{"start":{"line":196,"column":4},"end":{"line":212,"column":41}},"146":{"start":{"line":197,"column":8},"end":{"line":197,"column":35}},"147":{"start":{"line":198,"column":8},"end":{"line":210,"column":9}},"148":{"start":{"line":198,"column":21},"end":{"line":198,"column":22}},"149":{"start":{"line":199,"column":27},"end":{"line":199,"column":32}},"150":{"start":{"line":200,"column":12},"end":{"line":205,"column":13}},"151":{"start":{"line":200,"column":25},"end":{"line":200,"column":26}},"152":{"start":{"line":201,"column":16},"end":{"line":204,"column":17}},"153":{"start":{"line":202,"column":20},"end":{"line":202,"column":36}},"154":{"start":{"line":203,"column":20},"end":{"line":203,"column":26}},"155":{"start":{"line":206,"column":12},"end":{"line":209,"column":13}},"156":{"start":{"line":207,"column":16},"end":{"line":207,"column":42}},"157":{"start":{"line":208,"column":16},"end":{"line":208,"column":28}},"158":{"start":{"line":211,"column":8},"end":{"line":211,"column":26}},"159":{"start":{"line":212,"column":10},"end":{"line":212,"column":41}},"160":{"start":{"line":214,"column":0},"end":{"line":227,"column":1}},"161":{"start":{"line":215,"column":4},"end":{"line":226,"column":41}},"162":{"start":{"line":216,"column":8},"end":{"line":216,"column":35}},"163":{"start":{"line":217,"column":8},"end":{"line":224,"column":1}},"164":{"start":{"line":217,"column":21},"end":{"line":217,"column":22}},"165":{"start":{"line":218,"column":4},"end":{"line":223,"column":5}},"166":{"start":{"line":218,"column":17},"end":{"line":218,"column":18}},"167":{"start":{"line":219,"column":8},"end":{"line":222,"column":9}},"168":{"start":{"line":220,"column":12},"end":{"line":220,"column":38}},"169":{"start":{"line":221,"column":12},"end":{"line":221,"column":24}},"170":{"start":{"line":225,"column":4},"end":{"line":225,"column":22}},"171":{"start":{"line":226,"column":10},"end":{"line":226,"column":41}},"172":{"start":{"line":229,"column":0},"end":{"line":248,"column":1}},"173":{"start":{"line":230,"column":16},"end":{"line":230,"column":30}},"174":{"start":{"line":231,"column":14},"end":{"line":231,"column":30}},"175":{"start":{"line":233,"column":8},"end":{"line":233,"column":39}},"176":{"start":{"line":233,"column":28},"end":{"line":233,"column":39}},"177":{"start":{"line":234,"column":20},"end":{"line":234,"column":26}},"178":{"start":{"line":235,"column":21},"end":{"line":235,"column":23}},"179":{"start":{"line":236,"column":22},"end":{"line":236,"column":24}},"180":{"start":{"line":238,"column":8},"end":{"line":244,"column":9}},"181":{"start":{"line":238,"column":21},"end":{"line":238,"column":22}},"182":{"start":{"line":239,"column":10},"end":{"line":243,"column":11}},"183":{"start":{"line":240,"column":12},"end":{"line":240,"column":30}},"184":{"start":{"line":242,"column":12},"end":{"line":242,"column":31}},"185":{"start":{"line":245,"column":8},"end":{"line":245,"column":63}},"186":{"start":{"line":247,"column":6},"end":{"line":247,"column":16}},"187":{"start":{"line":249,"column":0},"end":{"line":254,"column":1}},"188":{"start":{"line":250,"column":14},"end":{"line":250,"column":28}},"189":{"start":{"line":251,"column":4},"end":{"line":253,"column":5}},"190":{"start":{"line":251,"column":16},"end":{"line":251,"column":17}},"191":{"start":{"line":252,"column":8},"end":{"line":252,"column":28}},"192":{"start":{"line":255,"column":0},"end":{"line":255,"column":23}}},"fnMap":{"0":{"name":"(anonymous_0)","decl":{"start":{"line":3,"column":12},"end":{"line":3,"column":13}},"loc":{"start":{"line":3,"column":32},"end":{"line":33,"column":1}},"line":3},"1":{"name":"(anonymous_1)","decl":{"start":{"line":8,"column":18},"end":{"line":8,"column":19}},"loc":{"start":{"line":8,"column":24},"end":{"line":19,"column":5}},"line":8},"2":{"name":"(anonymous_2)","decl":{"start":{"line":21,"column":26},"end":{"line":21,"column":27}},"loc":{"start":{"line":21,"column":37},"end":{"line":27,"column":5}},"line":21},"3":{"name":"(anonymous_3)","decl":{"start":{"line":29,"column":20},"end":{"line":29,"column":21}},"loc":{"start":{"line":29,"column":36},"end":{"line":32,"column":5}},"line":29},"4":{"name":"(anonymous_4)","decl":{"start":{"line":38,"column":26},"end":{"line":38,"column":27}},"loc":{"start":{"line":38,"column":37},"end":{"line":40,"column":1}},"line":38},"5":{"name":"(anonymous_5)","decl":{"start":{"line":41,"column":22},"end":{"line":41,"column":23}},"loc":{"start":{"line":41,"column":38},"end":{"line":53,"column":1}},"line":41},"6":{"name":"(anonymous_6)","decl":{"start":{"line":54,"column":22},"end":{"line":54,"column":23}},"loc":{"start":{"line":54,"column":45},"end":{"line":64,"column":1}},"line":54},"7":{"name":"(anonymous_7)","decl":{"start":{"line":65,"column":22},"end":{"line":65,"column":23}},"loc":{"start":{"line":65,"column":39},"end":{"line":74,"column":1}},"line":65},"8":{"name":"(anonymous_8)","decl":{"start":{"line":75,"column":25},"end":{"line":75,"column":26}},"loc":{"start":{"line":75,"column":41},"end":{"line":86,"column":1}},"line":75},"9":{"name":"(anonymous_9)","decl":{"start":{"line":87,"column":26},"end":{"line":87,"column":27}},"loc":{"start":{"line":87,"column":36},"end":{"line":97,"column":1}},"line":87},"10":{"name":"(anonymous_10)","decl":{"start":{"line":98,"column":27},"end":{"line":98,"column":28}},"loc":{"start":{"line":98,"column":37},"end":{"line":105,"column":1}},"line":98},"11":{"name":"(anonymous_11)","decl":{"start":{"line":106,"column":24},"end":{"line":106,"column":25}},"loc":{"start":{"line":106,"column":35},"end":{"line":109,"column":1}},"line":106},"12":{"name":"(anonymous_12)","decl":{"start":{"line":110,"column":27},"end":{"line":110,"column":28}},"loc":{"start":{"line":110,"column":43},"end":{"line":120,"column":1}},"line":110},"13":{"name":"(anonymous_13)","decl":{"start":{"line":121,"column":27},"end":{"line":121,"column":28}},"loc":{"start":{"line":121,"column":38},"end":{"line":129,"column":1}},"line":121},"14":{"name":"(anonymous_14)","decl":{"start":{"line":130,"column":27},"end":{"line":130,"column":28}},"loc":{"start":{"line":130,"column":38},"end":{"line":138,"column":1}},"line":130},"15":{"name":"(anonymous_15)","decl":{"start":{"line":139,"column":27},"end":{"line":139,"column":28}},"loc":{"start":{"line":139,"column":37},"end":{"line":148,"column":1}},"line":139},"16":{"name":"(anonymous_16)","decl":{"start":{"line":149,"column":27},"end":{"line":149,"column":28}},"loc":{"start":{"line":149,"column":37},"end":{"line":157,"column":1}},"line":149},"17":{"name":"(anonymous_17)","decl":{"start":{"line":158,"column":26},"end":{"line":158,"column":27}},"loc":{"start":{"line":158,"column":36},"end":{"line":164,"column":1}},"line":158},"18":{"name":"(anonymous_18)","decl":{"start":{"line":165,"column":30},"end":{"line":165,"column":31}},"loc":{"start":{"line":165,"column":40},"end":{"line":194,"column":1}},"line":165},"19":{"name":"(anonymous_19)","decl":{"start":{"line":195,"column":28},"end":{"line":195,"column":29}},"loc":{"start":{"line":195,"column":43},"end":{"line":213,"column":1}},"line":195},"20":{"name":"(anonymous_20)","decl":{"start":{"line":214,"column":28},"end":{"line":214,"column":29}},"loc":{"start":{"line":214,"column":43},"end":{"line":227,"column":1}},"line":214},"21":{"name":"(anonymous_21)","decl":{"start":{"line":229,"column":23},"end":{"line":229,"column":24}},"loc":{"start":{"line":229,"column":33},"end":{"line":248,"column":1}},"line":229},"22":{"name":"quickSort","decl":{"start":{"line":232,"column":13},"end":{"line":232,"column":22}},"loc":{"start":{"line":232,"column":28},"end":{"line":246,"column":7}},"line":232},"23":{"name":"(anonymous_23)","decl":{"start":{"line":249,"column":24},"end":{"line":249,"column":25}},"loc":{"start":{"line":249,"column":34},"end":{"line":254,"column":1}},"line":249}},"branchMap":{"0":{"loc":{"start":{"line":9,"column":8},"end":{"line":18,"column":9}},"type":"if","locations":[{"start":{"line":9,"column":8},"end":{"line":18,"column":9}},{"start":{"line":9,"column":8},"end":{"line":18,"column":9}}],"line":9},"1":{"loc":{"start":{"line":11,"column":15},"end":{"line":18,"column":9}},"type":"if","locations":[{"start":{"line":11,"column":15},"end":{"line":18,"column":9}},{"start":{"line":11,"column":15},"end":{"line":18,"column":9}}],"line":11},"2":{"loc":{"start":{"line":13,"column":15},"end":{"line":18,"column":9}},"type":"if","locations":[{"start":{"line":13,"column":15},"end":{"line":18,"column":9}},{"start":{"line":13,"column":15},"end":{"line":18,"column":9}}],"line":13},"3":{"loc":{"start":{"line":42,"column":4},"end":{"line":52,"column":5}},"type":"if","locations":[{"start":{"line":42,"column":4},"end":{"line":52,"column":5}},{"start":{"line":42,"column":4},"end":{"line":52,"column":5}}],"line":42},"4":{"loc":{"start":{"line":46,"column":8},"end":{"line":51,"column":9}},"type":"if","locations":[{"start":{"line":46,"column":8},"end":{"line":51,"column":9}},{"start":{"line":46,"column":8},"end":{"line":51,"column":9}}],"line":46},"5":{"loc":{"start":{"line":55,"column":4},"end":{"line":57,"column":5}},"type":"if","locations":[{"start":{"line":55,"column":4},"end":{"line":57,"column":5}},{"start":{"line":55,"column":4},"end":{"line":57,"column":5}}],"line":55},"6":{"loc":{"start":{"line":55,"column":8},"end":{"line":55,"column":50}},"type":"binary-expr","locations":[{"start":{"line":55,"column":8},"end":{"line":55,"column":17}},{"start":{"line":55,"column":21},"end":{"line":55,"column":50}}],"line":55},"7":{"loc":{"start":{"line":58,"column":4},"end":{"line":63,"column":5}},"type":"if","locations":[{"start":{"line":58,"column":4},"end":{"line":63,"column":5}},{"start":{"line":58,"column":4},"end":{"line":63,"column":5}}],"line":58},"8":{"loc":{"start":{"line":66,"column":4},"end":{"line":72,"column":32}},"type":"if","locations":[{"start":{"line":66,"column":4},"end":{"line":72,"column":32}},{"start":{"line":66,"column":4},"end":{"line":72,"column":32}}],"line":66},"9":{"loc":{"start":{"line":67,"column":8},"end":{"line":71,"column":45}},"type":"if","locations":[{"start":{"line":67,"column":8},"end":{"line":71,"column":45}},{"start":{"line":67,"column":8},"end":{"line":71,"column":45}}],"line":67},"10":{"loc":{"start":{"line":67,"column":12},"end":{"line":67,"column":51}},"type":"binary-expr","locations":[{"start":{"line":67,"column":12},"end":{"line":67,"column":22}},{"start":{"line":67,"column":26},"end":{"line":67,"column":51}}],"line":67},"11":{"loc":{"start":{"line":68,"column":12},"end":{"line":70,"column":64}},"type":"if","locations":[{"start":{"line":68,"column":12},"end":{"line":70,"column":64}},{"start":{"line":68,"column":12},"end":{"line":70,"column":64}}],"line":68},"12":{"loc":{"start":{"line":76,"column":4},"end":{"line":85,"column":32}},"type":"if","locations":[{"start":{"line":76,"column":4},"end":{"line":85,"column":32}},{"start":{"line":76,"column":4},"end":{"line":85,"column":32}}],"line":76},"13":{"loc":{"start":{"line":78,"column":12},"end":{"line":83,"column":53}},"type":"if","locations":[{"start":{"line":78,"column":12},"end":{"line":83,"column":53}},{"start":{"line":78,"column":12},"end":{"line":83,"column":53}}],"line":78},"14":{"loc":{"start":{"line":90,"column":8},"end":{"line":94,"column":9}},"type":"if","locations":[{"start":{"line":90,"column":8},"end":{"line":94,"column":9}},{"start":{"line":90,"column":8},"end":{"line":94,"column":9}}],"line":90},"15":{"loc":{"start":{"line":111,"column":4},"end":{"line":118,"column":28}},"type":"if","locations":[{"start":{"line":111,"column":4},"end":{"line":118,"column":28}},{"start":{"line":111,"column":4},"end":{"line":118,"column":28}}],"line":111},"16":{"loc":{"start":{"line":113,"column":8},"end":{"line":115,"column":9}},"type":"if","locations":[{"start":{"line":113,"column":8},"end":{"line":115,"column":9}},{"start":{"line":113,"column":8},"end":{"line":115,"column":9}}],"line":113},"17":{"loc":{"start":{"line":124,"column":12},"end":{"line":126,"column":13}},"type":"if","locations":[{"start":{"line":124,"column":12},"end":{"line":126,"column":13}},{"start":{"line":124,"column":12},"end":{"line":126,"column":13}}],"line":124},"18":{"loc":{"start":{"line":133,"column":12},"end":{"line":135,"column":13}},"type":"if","locations":[{"start":{"line":133,"column":12},"end":{"line":135,"column":13}},{"start":{"line":133,"column":12},"end":{"line":135,"column":13}}],"line":133},"19":{"loc":{"start":{"line":142,"column":8},"end":{"line":145,"column":9}},"type":"if","locations":[{"start":{"line":142,"column":8},"end":{"line":145,"column":9}},{"start":{"line":142,"column":8},"end":{"line":145,"column":9}}],"line":142},"20":{"loc":{"start":{"line":142,"column":12},"end":{"line":143,"column":62}},"type":"binary-expr","locations":[{"start":{"line":142,"column":12},"end":{"line":142,"column":41}},{"start":{"line":143,"column":15},"end":{"line":143,"column":62}}],"line":142},"21":{"loc":{"start":{"line":152,"column":8},"end":{"line":154,"column":9}},"type":"if","locations":[{"start":{"line":152,"column":8},"end":{"line":154,"column":9}},{"start":{"line":152,"column":8},"end":{"line":154,"column":9}}],"line":152},"22":{"loc":{"start":{"line":152,"column":12},"end":{"line":152,"column":108}},"type":"binary-expr","locations":[{"start":{"line":152,"column":12},"end":{"line":152,"column":57}},{"start":{"line":152,"column":61},"end":{"line":152,"column":108}}],"line":152},"23":{"loc":{"start":{"line":167,"column":4},"end":{"line":193,"column":5}},"type":"if","locations":[{"start":{"line":167,"column":4},"end":{"line":193,"column":5}},{"start":{"line":167,"column":4},"end":{"line":193,"column":5}}],"line":167},"24":{"loc":{"start":{"line":172,"column":2},"end":{"line":178,"column":3}},"type":"if","locations":[{"start":{"line":172,"column":2},"end":{"line":178,"column":3}},{"start":{"line":172,"column":2},"end":{"line":178,"column":3}}],"line":172},"25":{"loc":{"start":{"line":196,"column":4},"end":{"line":212,"column":41}},"type":"if","locations":[{"start":{"line":196,"column":4},"end":{"line":212,"column":41}},{"start":{"line":196,"column":4},"end":{"line":212,"column":41}}],"line":196},"26":{"loc":{"start":{"line":201,"column":16},"end":{"line":204,"column":17}},"type":"if","locations":[{"start":{"line":201,"column":16},"end":{"line":204,"column":17}},{"start":{"line":201,"column":16},"end":{"line":204,"column":17}}],"line":201},"27":{"loc":{"start":{"line":206,"column":12},"end":{"line":209,"column":13}},"type":"if","locations":[{"start":{"line":206,"column":12},"end":{"line":209,"column":13}},{"start":{"line":206,"column":12},"end":{"line":209,"column":13}}],"line":206},"28":{"loc":{"start":{"line":215,"column":4},"end":{"line":226,"column":41}},"type":"if","locations":[{"start":{"line":215,"column":4},"end":{"line":226,"column":41}},{"start":{"line":215,"column":4},"end":{"line":226,"column":41}}],"line":215},"29":{"loc":{"start":{"line":219,"column":8},"end":{"line":222,"column":9}},"type":"if","locations":[{"start":{"line":219,"column":8},"end":{"line":222,"column":9}},{"start":{"line":219,"column":8},"end":{"line":222,"column":9}}],"line":219},"30":{"loc":{"start":{"line":233,"column":8},"end":{"line":233,"column":39}},"type":"if","locations":[{"start":{"line":233,"column":8},"end":{"line":233,"column":39}},{"start":{"line":233,"column":8},"end":{"line":233,"column":39}}],"line":233},"31":{"loc":{"start":{"line":239,"column":10},"end":{"line":243,"column":11}},"type":"if","locations":[{"start":{"line":239,"column":10},"end":{"line":243,"column":11}},{"start":{"line":239,"column":10},"end":{"line":243,"column":11}}],"line":239}},"s":{"0":1,"1":1,"2":37,"3":37,"4":37,"5":37,"6":37,"7":37,"8":17,"9":20,"10":1,"11":19,"12":19,"13":19,"14":0,"15":37,"16":1,"17":1,"18":1,"19":10,"20":1,"21":37,"22":73,"23":73,"24":1,"25":1,"26":1,"27":7,"28":1,"29":75,"30":1,"31":1,"32":74,"33":2,"34":2,"35":72,"36":1,"37":10,"38":2,"39":8,"40":7,"41":7,"42":1,"43":1,"44":6,"45":5,"46":3,"47":2,"48":1,"49":2,"50":1,"51":1,"52":2,"53":2,"54":2,"55":2,"56":1,"57":1,"58":1,"59":1,"60":1,"61":0,"62":1,"63":10,"64":10,"65":10,"66":100,"67":56,"68":44,"69":10,"70":1,"71":2,"72":2,"73":2,"74":2,"75":8,"76":2,"77":1,"78":1,"79":1,"80":1,"81":5,"82":4,"83":4,"84":24,"85":2,"86":2,"87":1,"88":1,"89":2,"90":2,"91":2,"92":15,"93":4,"94":2,"95":1,"96":2,"97":2,"98":2,"99":16,"100":6,"101":2,"102":1,"103":2,"104":2,"105":2,"106":16,"107":4,"108":2,"109":1,"110":2,"111":2,"112":2,"113":16,"114":6,"115":2,"116":1,"117":1,"118":1,"119":1,"120":10,"121":1,"122":1,"123":4,"124":4,"125":2,"126":2,"127":2,"128":2,"129":8,"130":4,"131":4,"132":2,"133":2,"134":2,"135":2,"136":2,"137":2,"138":4,"139":2,"140":2,"141":6,"142":2,"143":2,"144":1,"145":1,"146":1,"147":1,"148":1,"149":4,"150":4,"151":4,"152":7,"153":2,"154":2,"155":4,"156":2,"157":2,"158":1,"159":0,"160":1,"161":1,"162":1,"163":1,"164":1,"165":4,"166":4,"167":8,"168":2,"169":2,"170":1,"171":0,"172":1,"173":1,"174":1,"175":7,"176":4,"177":3,"178":3,"179":3,"180":3,"181":3,"182":6,"183":3,"184":3,"185":3,"186":1,"187":1,"188":0,"189":0,"190":0,"191":0,"192":1},"f":{"0":37,"1":37,"2":1,"3":73,"4":7,"5":75,"6":10,"7":6,"8":2,"9":10,"10":2,"11":1,"12":5,"13":2,"14":2,"15":2,"16":2,"17":1,"18":4,"19":1,"20":1,"21":1,"22":7,"23":0},"b":{"0":[17,20],"1":[1,19],"2":[19,0],"3":[1,74],"4":[2,72],"5":[2,8],"6":[10,9],"7":[7,1],"8":[5,1],"9":[3,2],"10":[5,4],"11":[2,1],"12":[2,0],"13":[1,1],"14":[56,44],"15":[4,1],"16":[2,22],"17":[4,11],"18":[6,10],"19":[4,12],"20":[16,5],"21":[6,10],"22":[16,6],"23":[2,2],"24":[4,4],"25":[1,0],"26":[2,5],"27":[2,2],"28":[1,0],"29":[2,6],"30":[4,3],"31":[3,3]},"_coverageSchema":"1a1c01bbd47fc00a2c39e90264f33305004495a9","hash":"dc708edb0682dc2aa3988b18bfa86b5487e469ff"}
,"D:\\Мои Документы\\DevEducation\\Homework2\\Collections\\Alist\\IList.js": {"path":"D:\\Мои Документы\\DevEducation\\Homework2\\Collections\\Alist\\IList.js","statementMap":{"0":{"start":{"line":1,"column":12},"end":{"line":3,"column":1}},"1":{"start":{"line":2,"column":4},"end":{"line":2,"column":29}},"2":{"start":{"line":5,"column":0},"end":{"line":5,"column":39}},"3":{"start":{"line":6,"column":0},"end":{"line":6,"column":41}},"4":{"start":{"line":7,"column":0},"end":{"line":7,"column":42}},"5":{"start":{"line":8,"column":0},"end":{"line":8,"column":49}},"6":{"start":{"line":9,"column":0},"end":{"line":9,"column":42}},"7":{"start":{"line":10,"column":0},"end":{"line":10,"column":45}},"8":{"start":{"line":11,"column":0},"end":{"line":11,"column":41}},"9":{"start":{"line":12,"column":0},"end":{"line":12,"column":42}},"10":{"start":{"line":13,"column":0},"end":{"line":13,"column":47}},"11":{"start":{"line":14,"column":0},"end":{"line":14,"column":42}},"12":{"start":{"line":15,"column":0},"end":{"line":15,"column":42}},"13":{"start":{"line":16,"column":0},"end":{"line":16,"column":42}},"14":{"start":{"line":17,"column":0},"end":{"line":17,"column":42}},"15":{"start":{"line":18,"column":0},"end":{"line":18,"column":41}},"16":{"start":{"line":19,"column":0},"end":{"line":19,"column":45}},"17":{"start":{"line":22,"column":0},"end":{"line":22,"column":48}},"18":{"start":{"line":23,"column":0},"end":{"line":23,"column":48}},"19":{"start":{"line":24,"column":0},"end":{"line":24,"column":38}},"20":{"start":{"line":25,"column":0},"end":{"line":25,"column":39}},"21":{"start":{"line":27,"column":0},"end":{"line":27,"column":23}}},"fnMap":{"0":{"name":"(anonymous_0)","decl":{"start":{"line":1,"column":12},"end":{"line":1,"column":13}},"loc":{"start":{"line":1,"column":31},"end":{"line":3,"column":1}},"line":1},"1":{"name":"(anonymous_1)","decl":{"start":{"line":5,"column":24},"end":{"line":5,"column":25}},"loc":{"start":{"line":5,"column":36},"end":{"line":5,"column":38}},"line":5},"2":{"name":"(anonymous_2)","decl":{"start":{"line":6,"column":26},"end":{"line":6,"column":27}},"loc":{"start":{"line":6,"column":38},"end":{"line":6,"column":40}},"line":6},"3":{"name":"(anonymous_3)","decl":{"start":{"line":7,"column":22},"end":{"line":7,"column":23}},"loc":{"start":{"line":7,"column":39},"end":{"line":7,"column":41}},"line":7},"4":{"name":"(anonymous_4)","decl":{"start":{"line":8,"column":22},"end":{"line":8,"column":23}},"loc":{"start":{"line":8,"column":46},"end":{"line":8,"column":48}},"line":8},"5":{"name":"(anonymous_5)","decl":{"start":{"line":9,"column":22},"end":{"line":9,"column":23}},"loc":{"start":{"line":9,"column":39},"end":{"line":9,"column":41}},"line":9},"6":{"name":"(anonymous_6)","decl":{"start":{"line":10,"column":25},"end":{"line":10,"column":26}},"loc":{"start":{"line":10,"column":42},"end":{"line":10,"column":44}},"line":10},"7":{"name":"(anonymous_7)","decl":{"start":{"line":11,"column":26},"end":{"line":11,"column":27}},"loc":{"start":{"line":11,"column":38},"end":{"line":11,"column":40}},"line":11},"8":{"name":"(anonymous_8)","decl":{"start":{"line":12,"column":27},"end":{"line":12,"column":28}},"loc":{"start":{"line":12,"column":39},"end":{"line":12,"column":41}},"line":12},"9":{"name":"(anonymous_9)","decl":{"start":{"line":13,"column":27},"end":{"line":13,"column":28}},"loc":{"start":{"line":13,"column":44},"end":{"line":13,"column":46}},"line":13},"10":{"name":"(anonymous_10)","decl":{"start":{"line":14,"column":27},"end":{"line":14,"column":28}},"loc":{"start":{"line":14,"column":39},"end":{"line":14,"column":41}},"line":14},"11":{"name":"(anonymous_11)","decl":{"start":{"line":15,"column":27},"end":{"line":15,"column":28}},"loc":{"start":{"line":15,"column":39},"end":{"line":15,"column":41}},"line":15},"12":{"name":"(anonymous_12)","decl":{"start":{"line":16,"column":27},"end":{"line":16,"column":28}},"loc":{"start":{"line":16,"column":39},"end":{"line":16,"column":41}},"line":16},"13":{"name":"(anonymous_13)","decl":{"start":{"line":17,"column":27},"end":{"line":17,"column":28}},"loc":{"start":{"line":17,"column":39},"end":{"line":17,"column":41}},"line":17},"14":{"name":"(anonymous_14)","decl":{"start":{"line":18,"column":26},"end":{"line":18,"column":27}},"loc":{"start":{"line":18,"column":38},"end":{"line":18,"column":40}},"line":18},"15":{"name":"(anonymous_15)","decl":{"start":{"line":19,"column":30},"end":{"line":19,"column":31}},"loc":{"start":{"line":19,"column":42},"end":{"line":19,"column":44}},"line":19},"16":{"name":"(anonymous_16)","decl":{"start":{"line":22,"column":28},"end":{"line":22,"column":29}},"loc":{"start":{"line":22,"column":45},"end":{"line":22,"column":47}},"line":22},"17":{"name":"(anonymous_17)","decl":{"start":{"line":23,"column":28},"end":{"line":23,"column":29}},"loc":{"start":{"line":23,"column":45},"end":{"line":23,"column":47}},"line":23},"18":{"name":"(anonymous_18)","decl":{"start":{"line":24,"column":23},"end":{"line":24,"column":24}},"loc":{"start":{"line":24,"column":35},"end":{"line":24,"column":37}},"line":24},"19":{"name":"(anonymous_19)","decl":{"start":{"line":25,"column":24},"end":{"line":25,"column":25}},"loc":{"start":{"line":25,"column":36},"end":{"line":25,"column":38}},"line":25}},"branchMap":{},"s":{"0":1,"1":37,"2":1,"3":1,"4":1,"5":1,"6":1,"7":1,"8":1,"9":1,"10":1,"11":1,"12":1,"13":1,"14":1,"15":1,"16":1,"17":1,"18":1,"19":1,"20":1,"21":1},"f":{"0":37,"1":0,"2":0,"3":0,"4":0,"5":0,"6":0,"7":0,"8":0,"9":0,"10":0,"11":0,"12":0,"13":0,"14":0,"15":0,"16":0,"17":0,"18":0,"19":0},"b":{},"_coverageSchema":"1a1c01bbd47fc00a2c39e90264f33305004495a9","hash":"016d9bf97f7180348ff4f74436157243cf9dcd3e"}
,"D:\\Мои Документы\\DevEducation\\Homework2\\Collections\\LList\\IList.js": {"path":"D:\\Мои Документы\\DevEducation\\Homework2\\Collections\\LList\\IList.js","statementMap":{"0":{"start":{"line":1,"column":12},"end":{"line":3,"column":1}},"1":{"start":{"line":2,"column":4},"end":{"line":2,"column":29}},"2":{"start":{"line":5,"column":0},"end":{"line":5,"column":39}},"3":{"start":{"line":6,"column":0},"end":{"line":6,"column":41}},"4":{"start":{"line":7,"column":0},"end":{"line":7,"column":42}},"5":{"start":{"line":8,"column":0},"end":{"line":8,"column":49}},"6":{"start":{"line":9,"column":0},"end":{"line":9,"column":42}},"7":{"start":{"line":10,"column":0},"end":{"line":10,"column":45}},"8":{"start":{"line":11,"column":0},"end":{"line":11,"column":41}},"9":{"start":{"line":12,"column":0},"end":{"line":12,"column":42}},"10":{"start":{"line":13,"column":0},"end":{"line":13,"column":47}},"11":{"start":{"line":14,"column":0},"end":{"line":14,"column":42}},"12":{"start":{"line":15,"column":0},"end":{"line":15,"column":42}},"13":{"start":{"line":16,"column":0},"end":{"line":16,"column":42}},"14":{"start":{"line":17,"column":0},"end":{"line":17,"column":42}},"15":{"start":{"line":18,"column":0},"end":{"line":18,"column":41}},"16":{"start":{"line":19,"column":0},"end":{"line":19,"column":45}},"17":{"start":{"line":22,"column":0},"end":{"line":22,"column":48}},"18":{"start":{"line":23,"column":0},"end":{"line":23,"column":48}},"19":{"start":{"line":24,"column":0},"end":{"line":24,"column":38}},"20":{"start":{"line":25,"column":0},"end":{"line":25,"column":39}},"21":{"start":{"line":27,"column":0},"end":{"line":27,"column":23}}},"fnMap":{"0":{"name":"(anonymous_0)","decl":{"start":{"line":1,"column":12},"end":{"line":1,"column":13}},"loc":{"start":{"line":1,"column":31},"end":{"line":3,"column":1}},"line":1},"1":{"name":"(anonymous_1)","decl":{"start":{"line":5,"column":24},"end":{"line":5,"column":25}},"loc":{"start":{"line":5,"column":36},"end":{"line":5,"column":38}},"line":5},"2":{"name":"(anonymous_2)","decl":{"start":{"line":6,"column":26},"end":{"line":6,"column":27}},"loc":{"start":{"line":6,"column":38},"end":{"line":6,"column":40}},"line":6},"3":{"name":"(anonymous_3)","decl":{"start":{"line":7,"column":22},"end":{"line":7,"column":23}},"loc":{"start":{"line":7,"column":39},"end":{"line":7,"column":41}},"line":7},"4":{"name":"(anonymous_4)","decl":{"start":{"line":8,"column":22},"end":{"line":8,"column":23}},"loc":{"start":{"line":8,"column":46},"end":{"line":8,"column":48}},"line":8},"5":{"name":"(anonymous_5)","decl":{"start":{"line":9,"column":22},"end":{"line":9,"column":23}},"loc":{"start":{"line":9,"column":39},"end":{"line":9,"column":41}},"line":9},"6":{"name":"(anonymous_6)","decl":{"start":{"line":10,"column":25},"end":{"line":10,"column":26}},"loc":{"start":{"line":10,"column":42},"end":{"line":10,"column":44}},"line":10},"7":{"name":"(anonymous_7)","decl":{"start":{"line":11,"column":26},"end":{"line":11,"column":27}},"loc":{"start":{"line":11,"column":38},"end":{"line":11,"column":40}},"line":11},"8":{"name":"(anonymous_8)","decl":{"start":{"line":12,"column":27},"end":{"line":12,"column":28}},"loc":{"start":{"line":12,"column":39},"end":{"line":12,"column":41}},"line":12},"9":{"name":"(anonymous_9)","decl":{"start":{"line":13,"column":27},"end":{"line":13,"column":28}},"loc":{"start":{"line":13,"column":44},"end":{"line":13,"column":46}},"line":13},"10":{"name":"(anonymous_10)","decl":{"start":{"line":14,"column":27},"end":{"line":14,"column":28}},"loc":{"start":{"line":14,"column":39},"end":{"line":14,"column":41}},"line":14},"11":{"name":"(anonymous_11)","decl":{"start":{"line":15,"column":27},"end":{"line":15,"column":28}},"loc":{"start":{"line":15,"column":39},"end":{"line":15,"column":41}},"line":15},"12":{"name":"(anonymous_12)","decl":{"start":{"line":16,"column":27},"end":{"line":16,"column":28}},"loc":{"start":{"line":16,"column":39},"end":{"line":16,"column":41}},"line":16},"13":{"name":"(anonymous_13)","decl":{"start":{"line":17,"column":27},"end":{"line":17,"column":28}},"loc":{"start":{"line":17,"column":39},"end":{"line":17,"column":41}},"line":17},"14":{"name":"(anonymous_14)","decl":{"start":{"line":18,"column":26},"end":{"line":18,"column":27}},"loc":{"start":{"line":18,"column":38},"end":{"line":18,"column":40}},"line":18},"15":{"name":"(anonymous_15)","decl":{"start":{"line":19,"column":30},"end":{"line":19,"column":31}},"loc":{"start":{"line":19,"column":42},"end":{"line":19,"column":44}},"line":19},"16":{"name":"(anonymous_16)","decl":{"start":{"line":22,"column":28},"end":{"line":22,"column":29}},"loc":{"start":{"line":22,"column":45},"end":{"line":22,"column":47}},"line":22},"17":{"name":"(anonymous_17)","decl":{"start":{"line":23,"column":28},"end":{"line":23,"column":29}},"loc":{"start":{"line":23,"column":45},"end":{"line":23,"column":47}},"line":23},"18":{"name":"(anonymous_18)","decl":{"start":{"line":24,"column":23},"end":{"line":24,"column":24}},"loc":{"start":{"line":24,"column":35},"end":{"line":24,"column":37}},"line":24},"19":{"name":"(anonymous_19)","decl":{"start":{"line":25,"column":24},"end":{"line":25,"column":25}},"loc":{"start":{"line":25,"column":36},"end":{"line":25,"column":38}},"line":25}},"branchMap":{},"s":{"0":1,"1":0,"2":1,"3":1,"4":1,"5":1,"6":1,"7":1,"8":1,"9":1,"10":1,"11":1,"12":1,"13":1,"14":1,"15":1,"16":1,"17":1,"18":1,"19":1,"20":1,"21":1},"f":{"0":0,"1":0,"2":0,"3":0,"4":0,"5":0,"6":0,"7":0,"8":0,"9":0,"10":0,"11":0,"12":0,"13":0,"14":0,"15":0,"16":0,"17":0,"18":0,"19":0},"b":{},"_coverageSchema":"1a1c01bbd47fc00a2c39e90264f33305004495a9","hash":"a2dff67ff409e857ded10641425f77d3f120b464"}
,"D:\\Мои Документы\\DevEducation\\Homework2\\Collections\\LList\\LList.js": {"path":"D:\\Мои Документы\\DevEducation\\Homework2\\Collections\\LList\\LList.js","statementMap":{"0":{"start":{"line":1,"column":12},"end":{"line":1,"column":30}},"1":{"start":{"line":3,"column":12},"end":{"line":10,"column":1}},"2":{"start":{"line":4,"column":4},"end":{"line":4,"column":18}},"3":{"start":{"line":5,"column":4},"end":{"line":5,"column":21}},"4":{"start":{"line":6,"column":4},"end":{"line":9,"column":5}},"5":{"start":{"line":7,"column":8},"end":{"line":7,"column":27}},"6":{"start":{"line":8,"column":8},"end":{"line":8,"column":25}},"7":{"start":{"line":11,"column":0},"end":{"line":11,"column":49}},"8":{"start":{"line":12,"column":0},"end":{"line":12,"column":36}},"9":{"start":{"line":14,"column":0},"end":{"line":17,"column":2}},"10":{"start":{"line":15,"column":4},"end":{"line":15,"column":18}},"11":{"start":{"line":16,"column":4},"end":{"line":16,"column":21}},"12":{"start":{"line":18,"column":0},"end":{"line":20,"column":2}},"13":{"start":{"line":19,"column":4},"end":{"line":19,"column":21}},"14":{"start":{"line":21,"column":0},"end":{"line":33,"column":2}},"15":{"start":{"line":22,"column":18},"end":{"line":22,"column":38}},"16":{"start":{"line":23,"column":4},"end":{"line":23,"column":16}},"17":{"start":{"line":24,"column":4},"end":{"line":32,"column":5}},"18":{"start":{"line":25,"column":8},"end":{"line":25,"column":28}},"19":{"start":{"line":27,"column":23},"end":{"line":27,"column":32}},"20":{"start":{"line":28,"column":8},"end":{"line":30,"column":9}},"21":{"start":{"line":29,"column":12},"end":{"line":29,"column":37}},"22":{"start":{"line":31,"column":8},"end":{"line":31,"column":32}},"23":{"start":{"line":34,"column":0},"end":{"line":43,"column":2}},"24":{"start":{"line":35,"column":16},"end":{"line":35,"column":36}},"25":{"start":{"line":36,"column":16},"end":{"line":36,"column":17}},"26":{"start":{"line":37,"column":19},"end":{"line":37,"column":28}},"27":{"start":{"line":38,"column":4},"end":{"line":41,"column":5}},"28":{"start":{"line":39,"column":8},"end":{"line":39,"column":40}},"29":{"start":{"line":40,"column":8},"end":{"line":40,"column":33}},"30":{"start":{"line":42,"column":4},"end":{"line":42,"column":17}},"31":{"start":{"line":44,"column":0},"end":{"line":64,"column":2}},"32":{"start":{"line":45,"column":4},"end":{"line":47,"column":5}},"33":{"start":{"line":46,"column":8},"end":{"line":46,"column":15}},"34":{"start":{"line":48,"column":19},"end":{"line":48,"column":28}},"35":{"start":{"line":49,"column":19},"end":{"line":49,"column":23}},"36":{"start":{"line":50,"column":4},"end":{"line":63,"column":5}},"37":{"start":{"line":51,"column":8},"end":{"line":62,"column":9}},"38":{"start":{"line":52,"column":12},"end":{"line":56,"column":13}},"39":{"start":{"line":53,"column":16},"end":{"line":53,"column":41}},"40":{"start":{"line":55,"column":16},"end":{"line":55,"column":45}},"41":{"start":{"line":57,"column":12},"end":{"line":57,"column":23}},"42":{"start":{"line":58,"column":12},"end":{"line":58,"column":33}},"43":{"start":{"line":60,"column":12},"end":{"line":60,"column":31}},"44":{"start":{"line":61,"column":12},"end":{"line":61,"column":36}},"45":{"start":{"line":65,"column":0},"end":{"line":84,"column":1}},"46":{"start":{"line":66,"column":18},"end":{"line":66,"column":34}},"47":{"start":{"line":67,"column":4},"end":{"line":70,"column":5}},"48":{"start":{"line":68,"column":8},"end":{"line":68,"column":27}},"49":{"start":{"line":69,"column":8},"end":{"line":69,"column":14}},"50":{"start":{"line":71,"column":4},"end":{"line":73,"column":5}},"51":{"start":{"line":72,"column":8},"end":{"line":72,"column":19}},"52":{"start":{"line":74,"column":21},"end":{"line":74,"column":22}},"53":{"start":{"line":75,"column":22},"end":{"line":75,"column":31}},"54":{"start":{"line":76,"column":4},"end":{"line":83,"column":5}},"55":{"start":{"line":77,"column":8},"end":{"line":77,"column":38}},"56":{"start":{"line":78,"column":8},"end":{"line":78,"column":20}},"57":{"start":{"line":79,"column":8},"end":{"line":82,"column":9}},"58":{"start":{"line":80,"column":12},"end":{"line":80,"column":33}},"59":{"start":{"line":81,"column":12},"end":{"line":81,"column":17}},"60":{"start":{"line":85,"column":0},"end":{"line":85,"column":23}}},"fnMap":{"0":{"name":"(anonymous_0)","decl":{"start":{"line":3,"column":12},"end":{"line":3,"column":13}},"loc":{"start":{"line":3,"column":24},"end":{"line":10,"column":1}},"line":3},"1":{"name":"(anonymous_1)","decl":{"start":{"line":6,"column":16},"end":{"line":6,"column":17}},"loc":{"start":{"line":6,"column":33},"end":{"line":9,"column":5}},"line":6},"2":{"name":"(anonymous_2)","decl":{"start":{"line":14,"column":24},"end":{"line":14,"column":25}},"loc":{"start":{"line":14,"column":36},"end":{"line":17,"column":1}},"line":14},"3":{"name":"(anonymous_3)","decl":{"start":{"line":18,"column":26},"end":{"line":18,"column":27}},"loc":{"start":{"line":18,"column":38},"end":{"line":20,"column":1}},"line":18},"4":{"name":"(anonymous_4)","decl":{"start":{"line":21,"column":22},"end":{"line":21,"column":23}},"loc":{"start":{"line":21,"column":39},"end":{"line":33,"column":1}},"line":21},"5":{"name":"(anonymous_5)","decl":{"start":{"line":34,"column":26},"end":{"line":34,"column":27}},"loc":{"start":{"line":34,"column":38},"end":{"line":43,"column":1}},"line":34},"6":{"name":"(anonymous_6)","decl":{"start":{"line":44,"column":25},"end":{"line":44,"column":26}},"loc":{"start":{"line":44,"column":42},"end":{"line":64,"column":1}},"line":44},"7":{"name":"(anonymous_7)","decl":{"start":{"line":65,"column":22},"end":{"line":65,"column":23}},"loc":{"start":{"line":65,"column":45},"end":{"line":84,"column":1}},"line":65}},"branchMap":{"0":{"loc":{"start":{"line":24,"column":4},"end":{"line":32,"column":5}},"type":"if","locations":[{"start":{"line":24,"column":4},"end":{"line":32,"column":5}},{"start":{"line":24,"column":4},"end":{"line":32,"column":5}}],"line":24},"1":{"loc":{"start":{"line":45,"column":4},"end":{"line":47,"column":5}},"type":"if","locations":[{"start":{"line":45,"column":4},"end":{"line":47,"column":5}},{"start":{"line":45,"column":4},"end":{"line":47,"column":5}}],"line":45},"2":{"loc":{"start":{"line":51,"column":8},"end":{"line":62,"column":9}},"type":"if","locations":[{"start":{"line":51,"column":8},"end":{"line":62,"column":9}},{"start":{"line":51,"column":8},"end":{"line":62,"column":9}}],"line":51},"3":{"loc":{"start":{"line":52,"column":12},"end":{"line":56,"column":13}},"type":"if","locations":[{"start":{"line":52,"column":12},"end":{"line":56,"column":13}},{"start":{"line":52,"column":12},"end":{"line":56,"column":13}}],"line":52},"4":{"loc":{"start":{"line":67,"column":4},"end":{"line":70,"column":5}},"type":"if","locations":[{"start":{"line":67,"column":4},"end":{"line":70,"column":5}},{"start":{"line":67,"column":4},"end":{"line":70,"column":5}}],"line":67},"5":{"loc":{"start":{"line":71,"column":4},"end":{"line":73,"column":5}},"type":"if","locations":[{"start":{"line":71,"column":4},"end":{"line":73,"column":5}},{"start":{"line":71,"column":4},"end":{"line":73,"column":5}}],"line":71},"6":{"loc":{"start":{"line":79,"column":8},"end":{"line":82,"column":9}},"type":"if","locations":[{"start":{"line":79,"column":8},"end":{"line":82,"column":9}},{"start":{"line":79,"column":8},"end":{"line":82,"column":9}}],"line":79}},"s":{"0":1,"1":1,"2":7,"3":7,"4":7,"5":28,"6":28,"7":1,"8":1,"9":1,"10":1,"11":1,"12":1,"13":5,"14":1,"15":26,"16":26,"17":26,"18":6,"19":20,"20":20,"21":26,"22":20,"23":1,"24":8,"25":8,"26":8,"27":8,"28":26,"29":25,"30":7,"31":1,"32":3,"33":0,"34":3,"35":3,"36":3,"37":9,"38":3,"39":1,"40":2,"41":3,"42":3,"43":6,"44":6,"45":1,"46":2,"47":2,"48":1,"49":1,"50":1,"51":0,"52":1,"53":1,"54":1,"55":3,"56":3,"57":3,"58":1,"59":1,"60":1},"f":{"0":7,"1":28,"2":1,"3":5,"4":26,"5":8,"6":3,"7":2},"b":{"0":[6,20],"1":[0,3],"2":[3,6],"3":[1,2],"4":[1,1],"5":[0,1],"6":[1,2]},"_coverageSchema":"1a1c01bbd47fc00a2c39e90264f33305004495a9","hash":"499fb59965e22e7ec605bcab8dbc2bc17e27c418"}
}
