TN:
SF:Alist\AList.js
FN:3,(anonymous_0)
FN:8,(anonymous_1)
FN:21,(anonymous_2)
FN:29,(anonymous_3)
FN:38,(anonymous_4)
FN:41,(anonymous_5)
FN:54,(anonymous_6)
FN:65,(anonymous_7)
FN:75,(anonymous_8)
FN:87,(anonymous_9)
FN:98,(anonymous_10)
FN:106,(anonymous_11)
FN:110,(anonymous_12)
FN:121,(anonymous_13)
FN:130,(anonymous_14)
FN:139,(anonymous_15)
FN:149,(anonymous_16)
FN:158,(anonymous_17)
FN:165,(anonymous_18)
FN:195,(anonymous_19)
FN:214,(anonymous_20)
FN:229,(anonymous_21)
FN:232,quickSort
FN:249,(anonymous_23)
FNF:24
FNH:23
FNDA:37,(anonymous_0)
FNDA:37,(anonymous_1)
FNDA:1,(anonymous_2)
FNDA:73,(anonymous_3)
FNDA:7,(anonymous_4)
FNDA:75,(anonymous_5)
FNDA:10,(anonymous_6)
FNDA:6,(anonymous_7)
FNDA:2,(anonymous_8)
FNDA:10,(anonymous_9)
FNDA:2,(anonymous_10)
FNDA:1,(anonymous_11)
FNDA:5,(anonymous_12)
FNDA:2,(anonymous_13)
FNDA:2,(anonymous_14)
FNDA:2,(anonymous_15)
FNDA:2,(anonymous_16)
FNDA:1,(anonymous_17)
FNDA:4,(anonymous_18)
FNDA:1,(anonymous_19)
FNDA:1,(anonymous_20)
FNDA:1,(anonymous_21)
FNDA:7,quickSort
FNDA:0,(anonymous_23)
DA:1,1
DA:3,1
DA:4,37
DA:5,37
DA:6,37
DA:7,37
DA:8,37
DA:9,37
DA:10,17
DA:11,20
DA:12,1
DA:13,19
DA:14,19
DA:15,19
DA:17,0
DA:21,37
DA:22,1
DA:23,1
DA:24,10
DA:26,1
DA:29,37
DA:30,73
DA:31,73
DA:35,1
DA:36,1
DA:38,1
DA:39,7
DA:41,1
DA:42,75
DA:43,1
DA:44,1
DA:46,74
DA:47,2
DA:48,2
DA:50,72
DA:54,1
DA:55,10
DA:56,2
DA:58,8
DA:59,7
DA:60,7
DA:62,1
DA:65,1
DA:66,6
DA:67,5
DA:68,3
DA:69,2
DA:70,1
DA:71,2
DA:72,1
DA:75,1
DA:76,2
DA:77,2
DA:78,2
DA:79,1
DA:80,1
DA:81,1
DA:82,1
DA:83,1
DA:85,0
DA:87,1
DA:88,10
DA:89,10
DA:90,100
DA:91,56
DA:93,44
DA:96,10
DA:98,1
DA:99,2
DA:100,2
DA:101,2
DA:102,8
DA:104,2
DA:106,1
DA:107,1
DA:108,1
DA:110,1
DA:111,5
DA:112,4
DA:113,24
DA:114,2
DA:117,2
DA:118,1
DA:121,1
DA:122,2
DA:123,2
DA:124,15
DA:125,4
DA:128,2
DA:130,1
DA:131,2
DA:132,2
DA:133,16
DA:134,6
DA:137,2
DA:139,1
DA:140,2
DA:141,2
DA:142,16
DA:144,4
DA:147,2
DA:149,1
DA:150,2
DA:151,2
DA:152,16
DA:153,6
DA:156,2
DA:158,1
DA:159,1
DA:160,1
DA:161,10
DA:163,1
DA:165,1
DA:166,4
DA:167,4
DA:168,2
DA:169,2
DA:171,2
DA:172,8
DA:173,4
DA:177,4
DA:180,2
DA:182,2
DA:183,2
DA:184,2
DA:185,2
DA:186,4
DA:188,2
DA:189,6
DA:191,2
DA:192,2
DA:195,1
DA:196,1
DA:197,1
DA:198,1
DA:199,4
DA:200,4
DA:201,7
DA:202,2
DA:203,2
DA:206,4
DA:207,2
DA:208,2
DA:211,1
DA:212,0
DA:214,1
DA:215,1
DA:216,1
DA:217,1
DA:218,4
DA:219,8
DA:220,2
DA:221,2
DA:225,1
DA:226,0
DA:229,1
DA:230,1
DA:231,1
DA:233,7
DA:234,3
DA:235,3
DA:236,3
DA:238,3
DA:239,6
DA:240,3
DA:242,3
DA:245,3
DA:247,1
DA:249,1
DA:250,0
DA:251,0
DA:252,0
DA:255,1
LF:173
LH:166
BRDA:9,0,0,17
BRDA:9,0,1,20
BRDA:11,1,0,1
BRDA:11,1,1,19
BRDA:13,2,0,19
BRDA:13,2,1,0
BRDA:42,3,0,1
BRDA:42,3,1,74
BRDA:46,4,0,2
BRDA:46,4,1,72
BRDA:55,5,0,2
BRDA:55,5,1,8
BRDA:55,6,0,10
BRDA:55,6,1,9
BRDA:58,7,0,7
BRDA:58,7,1,1
BRDA:66,8,0,5
BRDA:66,8,1,1
BRDA:67,9,0,3
BRDA:67,9,1,2
BRDA:67,10,0,5
BRDA:67,10,1,4
BRDA:68,11,0,2
BRDA:68,11,1,1
BRDA:76,12,0,2
BRDA:76,12,1,0
BRDA:78,13,0,1
BRDA:78,13,1,1
BRDA:90,14,0,56
BRDA:90,14,1,44
BRDA:111,15,0,4
BRDA:111,15,1,1
BRDA:113,16,0,2
BRDA:113,16,1,22
BRDA:124,17,0,4
BRDA:124,17,1,11
BRDA:133,18,0,6
BRDA:133,18,1,10
BRDA:142,19,0,4
BRDA:142,19,1,12
BRDA:142,20,0,16
BRDA:142,20,1,5
BRDA:152,21,0,6
BRDA:152,21,1,10
BRDA:152,22,0,16
BRDA:152,22,1,6
BRDA:167,23,0,2
BRDA:167,23,1,2
BRDA:172,24,0,4
BRDA:172,24,1,4
BRDA:196,25,0,1
BRDA:196,25,1,0
BRDA:201,26,0,2
BRDA:201,26,1,5
BRDA:206,27,0,2
BRDA:206,27,1,2
BRDA:215,28,0,1
BRDA:215,28,1,0
BRDA:219,29,0,2
BRDA:219,29,1,6
BRDA:233,30,0,4
BRDA:233,30,1,3
BRDA:239,31,0,3
BRDA:239,31,1,3
BRF:64
BRH:60
end_of_record
TN:
SF:Alist\IList.js
FN:1,(anonymous_0)
FN:5,(anonymous_1)
FN:6,(anonymous_2)
FN:7,(anonymous_3)
FN:8,(anonymous_4)
FN:9,(anonymous_5)
FN:10,(anonymous_6)
FN:11,(anonymous_7)
FN:12,(anonymous_8)
FN:13,(anonymous_9)
FN:14,(anonymous_10)
FN:15,(anonymous_11)
FN:16,(anonymous_12)
FN:17,(anonymous_13)
FN:18,(anonymous_14)
FN:19,(anonymous_15)
FN:22,(anonymous_16)
FN:23,(anonymous_17)
FN:24,(anonymous_18)
FN:25,(anonymous_19)
FNF:20
FNH:1
FNDA:37,(anonymous_0)
FNDA:0,(anonymous_1)
FNDA:0,(anonymous_2)
FNDA:0,(anonymous_3)
FNDA:0,(anonymous_4)
FNDA:0,(anonymous_5)
FNDA:0,(anonymous_6)
FNDA:0,(anonymous_7)
FNDA:0,(anonymous_8)
FNDA:0,(anonymous_9)
FNDA:0,(anonymous_10)
FNDA:0,(anonymous_11)
FNDA:0,(anonymous_12)
FNDA:0,(anonymous_13)
FNDA:0,(anonymous_14)
FNDA:0,(anonymous_15)
FNDA:0,(anonymous_16)
FNDA:0,(anonymous_17)
FNDA:0,(anonymous_18)
FNDA:0,(anonymous_19)
DA:1,1
DA:2,37
DA:5,1
DA:6,1
DA:7,1
DA:8,1
DA:9,1
DA:10,1
DA:11,1
DA:12,1
DA:13,1
DA:14,1
DA:15,1
DA:16,1
DA:17,1
DA:18,1
DA:19,1
DA:22,1
DA:23,1
DA:24,1
DA:25,1
DA:27,1
LF:22
LH:22
BRF:0
BRH:0
end_of_record
TN:
SF:LList\IList.js
FN:1,(anonymous_0)
FN:5,(anonymous_1)
FN:6,(anonymous_2)
FN:7,(anonymous_3)
FN:8,(anonymous_4)
FN:9,(anonymous_5)
FN:10,(anonymous_6)
FN:11,(anonymous_7)
FN:12,(anonymous_8)
FN:13,(anonymous_9)
FN:14,(anonymous_10)
FN:15,(anonymous_11)
FN:16,(anonymous_12)
FN:17,(anonymous_13)
FN:18,(anonymous_14)
FN:19,(anonymous_15)
FN:22,(anonymous_16)
FN:23,(anonymous_17)
FN:24,(anonymous_18)
FN:25,(anonymous_19)
FNF:20
FNH:0
FNDA:0,(anonymous_0)
FNDA:0,(anonymous_1)
FNDA:0,(anonymous_2)
FNDA:0,(anonymous_3)
FNDA:0,(anonymous_4)
FNDA:0,(anonymous_5)
FNDA:0,(anonymous_6)
FNDA:0,(anonymous_7)
FNDA:0,(anonymous_8)
FNDA:0,(anonymous_9)
FNDA:0,(anonymous_10)
FNDA:0,(anonymous_11)
FNDA:0,(anonymous_12)
FNDA:0,(anonymous_13)
FNDA:0,(anonymous_14)
FNDA:0,(anonymous_15)
FNDA:0,(anonymous_16)
FNDA:0,(anonymous_17)
FNDA:0,(anonymous_18)
FNDA:0,(anonymous_19)
DA:1,1
DA:2,0
DA:5,1
DA:6,1
DA:7,1
DA:8,1
DA:9,1
DA:10,1
DA:11,1
DA:12,1
DA:13,1
DA:14,1
DA:15,1
DA:16,1
DA:17,1
DA:18,1
DA:19,1
DA:22,1
DA:23,1
DA:24,1
DA:25,1
DA:27,1
LF:22
LH:21
BRF:0
BRH:0
end_of_record
TN:
SF:LList\LList.js
FN:3,(anonymous_0)
FN:6,(anonymous_1)
FN:14,(anonymous_2)
FN:18,(anonymous_3)
FN:21,(anonymous_4)
FN:34,(anonymous_5)
FN:44,(anonymous_6)
FN:66,(anonymous_7)
FN:87,(anonymous_8)
FN:102,(anonymous_9)
FN:124,(anonymous_10)
FN:141,(anonymous_11)
FN:152,(anonymous_12)
FN:167,(anonymous_13)
FN:182,(anonymous_14)
FN:201,(anonymous_15)
FN:220,(anonymous_16)
FNF:17
FNH:16
FNDA:32,(anonymous_0)
FNDA:121,(anonymous_1)
FNDA:1,(anonymous_2)
FNDA:7,(anonymous_3)
FNDA:118,(anonymous_4)
FNDA:13,(anonymous_5)
FNDA:0,(anonymous_6)
FNDA:3,(anonymous_7)
FNDA:4,(anonymous_8)
FNDA:9,(anonymous_9)
FNDA:2,(anonymous_10)
FNDA:3,(anonymous_11)
FNDA:4,(anonymous_12)
FNDA:3,(anonymous_13)
FNDA:3,(anonymous_14)
FNDA:3,(anonymous_15)
FNDA:2,(anonymous_16)
DA:1,1
DA:3,1
DA:4,32
DA:5,32
DA:6,32
DA:7,121
DA:8,121
DA:11,1
DA:12,1
DA:14,1
DA:15,1
DA:16,1
DA:18,1
DA:19,7
DA:21,1
DA:22,118
DA:23,118
DA:24,118
DA:25,26
DA:27,92
DA:28,92
DA:29,123
DA:31,92
DA:34,1
DA:35,13
DA:36,13
DA:37,13
DA:38,13
DA:39,38
DA:40,38
DA:42,13
DA:44,1
DA:45,0
DA:46,0
DA:48,0
DA:49,0
DA:50,0
DA:51,0
DA:52,0
DA:53,0
DA:55,0
DA:57,0
DA:58,0
DA:60,0
DA:61,0
DA:66,1
DA:67,3
DA:68,3
DA:69,1
DA:70,1
DA:72,2
DA:73,0
DA:75,2
DA:76,1
DA:78,1
DA:79,1
DA:80,1
DA:81,3
DA:82,3
DA:84,1
DA:87,1
DA:88,4
DA:89,1
DA:91,3
DA:92,3
DA:93,3
DA:94,6
DA:95,3
DA:97,3
DA:98,3
DA:102,1
DA:103,9
DA:104,2
DA:106,7
DA:107,7
DA:108,7
DA:109,16
DA:110,7
DA:111,2
DA:113,5
DA:115,7
DA:116,7
DA:118,9
DA:119,9
DA:124,1
DA:125,2
DA:126,1
DA:128,1
DA:129,1
DA:130,1
DA:131,5
DA:132,5
DA:133,1
DA:135,4
DA:136,4
DA:138,1
DA:141,1
DA:142,3
DA:143,3
DA:144,9
DA:145,1
DA:147,8
DA:149,2
DA:152,1
DA:153,4
DA:154,1
DA:156,3
DA:157,3
DA:158,3
DA:159,13
DA:160,2
DA:162,13
DA:164,3
DA:167,1
DA:168,3
DA:169,0
DA:171,3
DA:172,3
DA:173,3
DA:174,13
DA:175,4
DA:177,13
DA:179,3
DA:182,1
DA:183,3
DA:184,0
DA:186,3
DA:187,3
DA:188,3
DA:189,3
DA:190,3
DA:191,14
DA:192,3
DA:193,3
DA:195,14
DA:196,14
DA:198,3
DA:201,1
DA:202,3
DA:203,0
DA:205,3
DA:206,3
DA:207,3
DA:208,3
DA:209,3
DA:210,14
DA:211,4
DA:212,4
DA:214,14
DA:215,14
DA:217,3
DA:220,1
DA:221,2
DA:222,1
DA:224,1
DA:227,1
LF:156
LH:139
BRDA:24,0,0,26
BRDA:24,0,1,92
BRDA:45,1,0,0
BRDA:45,1,1,0
BRDA:51,2,0,0
BRDA:51,2,1,0
BRDA:52,3,0,0
BRDA:52,3,1,0
BRDA:68,4,0,1
BRDA:68,4,1,2
BRDA:72,5,0,0
BRDA:72,5,1,2
BRDA:72,6,0,2
BRDA:72,6,1,2
BRDA:75,7,0,1
BRDA:75,7,1,1
BRDA:88,8,0,1
BRDA:88,8,1,3
BRDA:94,9,0,3
BRDA:94,9,1,3
BRDA:103,10,0,2
BRDA:103,10,1,7
BRDA:103,11,0,9
BRDA:103,11,1,8
BRDA:109,12,0,7
BRDA:109,12,1,9
BRDA:110,13,0,2
BRDA:110,13,1,5
BRDA:125,14,0,1
BRDA:125,14,1,1
BRDA:132,15,0,1
BRDA:132,15,1,4
BRDA:144,16,0,1
BRDA:144,16,1,8
BRDA:153,17,0,1
BRDA:153,17,1,3
BRDA:159,18,0,2
BRDA:159,18,1,11
BRDA:168,19,0,0
BRDA:168,19,1,3
BRDA:174,20,0,4
BRDA:174,20,1,9
BRDA:183,21,0,0
BRDA:183,21,1,3
BRDA:191,22,0,3
BRDA:191,22,1,11
BRDA:202,23,0,0
BRDA:202,23,1,3
BRDA:210,24,0,4
BRDA:210,24,1,10
BRDA:221,25,0,1
BRDA:221,25,1,1
BRF:52
BRH:42
end_of_record
