TN:
SF:AList.js
FN:3,(anonymous_0)
FN:8,(anonymous_1)
FN:21,(anonymous_2)
FN:29,(anonymous_3)
FN:38,(anonymous_4)
FN:41,(anonymous_5)
FN:54,(anonymous_6)
FN:65,(anonymous_7)
FN:75,(anonymous_8)
FN:87,(anonymous_9)
FN:98,(anonymous_10)
FN:106,(anonymous_11)
FN:110,(anonymous_12)
FN:121,(anonymous_13)
FN:130,(anonymous_14)
FN:139,(anonymous_15)
FN:149,(anonymous_16)
FN:158,(anonymous_17)
FN:165,(anonymous_18)
FN:195,(anonymous_19)
FN:214,(anonymous_20)
FN:229,(anonymous_21)
FN:232,quickSort
FN:249,(anonymous_23)
FNF:24
FNH:23
FNDA:35,(anonymous_0)
FNDA:35,(anonymous_1)
FNDA:1,(anonymous_2)
FNDA:73,(anonymous_3)
FNDA:7,(anonymous_4)
FNDA:75,(anonymous_5)
FNDA:10,(anonymous_6)
FNDA:6,(anonymous_7)
FNDA:2,(anonymous_8)
FNDA:11,(anonymous_9)
FNDA:2,(anonymous_10)
FNDA:1,(anonymous_11)
FNDA:5,(anonymous_12)
FNDA:2,(anonymous_13)
FNDA:2,(anonymous_14)
FNDA:2,(anonymous_15)
FNDA:0,(anonymous_16)
FNDA:1,(anonymous_17)
FNDA:4,(anonymous_18)
FNDA:1,(anonymous_19)
FNDA:1,(anonymous_20)
FNDA:1,(anonymous_21)
FNDA:7,quickSort
FNDA:1,(anonymous_23)
DA:1,1
DA:3,1
DA:4,35
DA:5,35
DA:6,35
DA:7,35
DA:8,35
DA:9,35
DA:10,17
DA:11,18
DA:12,1
DA:13,17
DA:14,17
DA:15,17
DA:17,0
DA:21,35
DA:22,1
DA:23,1
DA:24,10
DA:26,1
DA:29,35
DA:30,73
DA:31,73
DA:35,1
DA:36,1
DA:38,1
DA:39,7
DA:41,1
DA:42,75
DA:43,1
DA:44,1
DA:46,74
DA:47,2
DA:48,2
DA:50,72
DA:54,1
DA:55,10
DA:56,2
DA:58,8
DA:59,7
DA:60,7
DA:62,1
DA:65,1
DA:66,6
DA:67,5
DA:68,3
DA:69,2
DA:70,1
DA:71,2
DA:72,1
DA:75,1
DA:76,2
DA:77,2
DA:78,2
DA:79,1
DA:80,1
DA:81,1
DA:82,1
DA:83,1
DA:85,0
DA:87,1
DA:88,11
DA:89,11
DA:90,110
DA:91,62
DA:93,48
DA:96,11
DA:98,1
DA:99,2
DA:100,2
DA:101,2
DA:102,8
DA:104,2
DA:106,1
DA:107,1
DA:108,1
DA:110,1
DA:111,5
DA:112,4
DA:113,24
DA:114,2
DA:117,2
DA:118,1
DA:121,1
DA:122,2
DA:123,2
DA:124,15
DA:125,4
DA:128,2
DA:130,1
DA:131,2
DA:132,2
DA:133,16
DA:134,6
DA:137,2
DA:139,1
DA:140,2
DA:141,2
DA:142,16
DA:144,4
DA:147,2
DA:149,1
DA:150,0
DA:151,0
DA:152,0
DA:153,0
DA:156,0
DA:158,1
DA:159,1
DA:160,1
DA:161,10
DA:163,1
DA:165,1
DA:166,4
DA:167,4
DA:168,2
DA:169,2
DA:171,2
DA:172,8
DA:173,4
DA:177,4
DA:180,2
DA:182,2
DA:183,2
DA:184,2
DA:185,2
DA:186,4
DA:188,2
DA:189,6
DA:191,2
DA:192,2
DA:195,1
DA:196,1
DA:197,1
DA:198,1
DA:199,4
DA:200,4
DA:201,7
DA:202,2
DA:203,2
DA:206,4
DA:207,2
DA:208,2
DA:211,1
DA:212,0
DA:214,1
DA:215,1
DA:216,1
DA:217,1
DA:218,4
DA:219,8
DA:220,2
DA:221,2
DA:225,1
DA:226,0
DA:229,1
DA:230,1
DA:231,1
DA:233,7
DA:234,3
DA:235,3
DA:236,3
DA:238,3
DA:239,6
DA:240,3
DA:242,3
DA:245,3
DA:247,1
DA:249,1
DA:250,1
DA:251,1
DA:252,4
DA:255,1
LF:173
LH:164
BRDA:9,0,0,17
BRDA:9,0,1,18
BRDA:11,1,0,1
BRDA:11,1,1,17
BRDA:13,2,0,17
BRDA:13,2,1,0
BRDA:42,3,0,1
BRDA:42,3,1,74
BRDA:46,4,0,2
BRDA:46,4,1,72
BRDA:55,5,0,2
BRDA:55,5,1,8
BRDA:55,6,0,10
BRDA:55,6,1,9
BRDA:58,7,0,7
BRDA:58,7,1,1
BRDA:66,8,0,5
BRDA:66,8,1,1
BRDA:67,9,0,3
BRDA:67,9,1,2
BRDA:67,10,0,5
BRDA:67,10,1,4
BRDA:68,11,0,2
BRDA:68,11,1,1
BRDA:76,12,0,2
BRDA:76,12,1,0
BRDA:78,13,0,1
BRDA:78,13,1,1
BRDA:90,14,0,62
BRDA:90,14,1,48
BRDA:111,15,0,4
BRDA:111,15,1,1
BRDA:113,16,0,2
BRDA:113,16,1,22
BRDA:124,17,0,4
BRDA:124,17,1,11
BRDA:133,18,0,6
BRDA:133,18,1,10
BRDA:142,19,0,4
BRDA:142,19,1,12
BRDA:142,20,0,16
BRDA:142,20,1,5
BRDA:152,21,0,0
BRDA:152,21,1,0
BRDA:152,22,0,0
BRDA:152,22,1,0
BRDA:167,23,0,2
BRDA:167,23,1,2
BRDA:172,24,0,4
BRDA:172,24,1,4
BRDA:196,25,0,1
BRDA:196,25,1,0
BRDA:201,26,0,2
BRDA:201,26,1,5
BRDA:206,27,0,2
BRDA:206,27,1,2
BRDA:215,28,0,1
BRDA:215,28,1,0
BRDA:219,29,0,2
BRDA:219,29,1,6
BRDA:233,30,0,4
BRDA:233,30,1,3
BRDA:239,31,0,3
BRDA:239,31,1,3
BRF:64
BRH:56
end_of_record
TN:
SF:IList.js
FN:1,(anonymous_0)
FN:5,(anonymous_1)
FN:6,(anonymous_2)
FN:7,(anonymous_3)
FN:8,(anonymous_4)
FN:9,(anonymous_5)
FN:10,(anonymous_6)
FN:11,(anonymous_7)
FN:12,(anonymous_8)
FN:13,(anonymous_9)
FN:14,(anonymous_10)
FN:15,(anonymous_11)
FN:16,(anonymous_12)
FN:17,(anonymous_13)
FN:18,(anonymous_14)
FN:19,(anonymous_15)
FN:22,(anonymous_16)
FN:23,(anonymous_17)
FN:24,(anonymous_18)
FN:25,(anonymous_19)
FNF:20
FNH:1
FNDA:35,(anonymous_0)
FNDA:0,(anonymous_1)
FNDA:0,(anonymous_2)
FNDA:0,(anonymous_3)
FNDA:0,(anonymous_4)
FNDA:0,(anonymous_5)
FNDA:0,(anonymous_6)
FNDA:0,(anonymous_7)
FNDA:0,(anonymous_8)
FNDA:0,(anonymous_9)
FNDA:0,(anonymous_10)
FNDA:0,(anonymous_11)
FNDA:0,(anonymous_12)
FNDA:0,(anonymous_13)
FNDA:0,(anonymous_14)
FNDA:0,(anonymous_15)
FNDA:0,(anonymous_16)
FNDA:0,(anonymous_17)
FNDA:0,(anonymous_18)
FNDA:0,(anonymous_19)
DA:1,2
DA:2,35
DA:5,2
DA:6,2
DA:7,2
DA:8,2
DA:9,2
DA:10,2
DA:11,2
DA:12,2
DA:13,2
DA:14,2
DA:15,2
DA:16,2
DA:17,2
DA:18,2
DA:19,2
DA:22,2
DA:23,2
DA:24,2
DA:25,2
DA:27,2
LF:22
LH:22
BRF:0
BRH:0
end_of_record
TN:
SF:LList.js
FN:3,(anonymous_0)
FN:6,(anonymous_1)
FN:14,(anonymous_2)
FN:18,(anonymous_3)
FN:21,(anonymous_4)
FN:34,(anonymous_5)
FN:44,(anonymous_6)
FN:65,(anonymous_7)
FNF:8
FNH:8
FNDA:7,(anonymous_0)
FNDA:28,(anonymous_1)
FNDA:1,(anonymous_2)
FNDA:5,(anonymous_3)
FNDA:26,(anonymous_4)
FNDA:8,(anonymous_5)
FNDA:3,(anonymous_6)
FNDA:2,(anonymous_7)
DA:1,1
DA:3,1
DA:4,7
DA:5,7
DA:6,7
DA:7,28
DA:8,28
DA:11,1
DA:12,1
DA:14,1
DA:15,1
DA:16,1
DA:18,1
DA:19,5
DA:21,1
DA:22,26
DA:23,26
DA:24,26
DA:25,6
DA:27,20
DA:28,20
DA:29,26
DA:31,20
DA:34,1
DA:35,8
DA:36,8
DA:37,8
DA:38,8
DA:39,26
DA:40,25
DA:42,7
DA:44,1
DA:45,3
DA:46,0
DA:48,3
DA:49,3
DA:50,3
DA:51,9
DA:52,3
DA:53,1
DA:55,2
DA:57,3
DA:58,3
DA:60,6
DA:61,6
DA:65,1
DA:66,2
DA:67,2
DA:68,1
DA:69,1
DA:71,1
DA:72,0
DA:74,1
DA:75,1
DA:76,1
DA:77,3
DA:78,3
DA:79,3
DA:80,1
DA:81,1
DA:85,1
LF:61
LH:59
BRDA:24,0,0,6
BRDA:24,0,1,20
BRDA:45,1,0,0
BRDA:45,1,1,3
BRDA:51,2,0,3
BRDA:51,2,1,6
BRDA:52,3,0,1
BRDA:52,3,1,2
BRDA:67,4,0,1
BRDA:67,4,1,1
BRDA:71,5,0,0
BRDA:71,5,1,1
BRDA:79,6,0,1
BRDA:79,6,1,2
BRF:14
BRH:12
end_of_record
